<?xml version="1.0" encoding="UTF-8"?>
<!-- Generated by org.testng.reporters.JUnitXMLReporter -->
<testsuite ignored="0" hostname="Yamunas-MacBook-Pro.local" failures="1" tests="4" name="RestAssuredTest" time="3.749" errors="0" timestamp="2020-05-19T16:17:13 PDT">
  <testcase classname="com.restAssured.tests.PostAPITest" name="postRequest" time="2.376">
    <failure type="java.lang.AssertionError" message="1 expectation failed.
Expected header &amp;quot;Content-Length&amp;quot; was not &amp;quot;84&amp;quot;, was &amp;quot;83&amp;quot;. Headers are:
Date=Tue, 19 May 2020 23:17:06 GMT
Content-Type=application/json; charset=utf-8
Content-Length=83
Connection=keep-alive
Set-Cookie=__cfduid=d0b3a15b7432cbe0fb53313cf7c43e1d81589930226; expires=Thu, 18-Jun-20 23:17:06 GMT; path=/; domain=.reqres.in; HttpOnly; SameSite=Lax; Secure
X-Powered-By=Express
Access-Control-Allow-Origin=*
Etag=W/&amp;quot;53-Ifz8+TaQSJAG6eXTj6PRZlcPYkE&amp;quot;
Via=1.1 vegur
CF-Cache-Status=DYNAMIC
Expect-CT=max-age=604800, report-uri=&amp;quot;https://report-uri.cloudflare.com/cdn-cgi/beacon/expect-ct&amp;quot;
Server=cloudflare
CF-RAY=59618788e9bae047-SEA
cf-request-id=02d0d309900000e0478a186200000001
">
      <![CDATA[java.lang.AssertionError: 1 expectation failed.
Expected header "Content-Length" was not "84", was "83". Headers are:
Date=Tue, 19 May 2020 23:17:06 GMT
Content-Type=application/json; charset=utf-8
Content-Length=83
Connection=keep-alive
Set-Cookie=__cfduid=d0b3a15b7432cbe0fb53313cf7c43e1d81589930226; expires=Thu, 18-Jun-20 23:17:06 GMT; path=/; domain=.reqres.in; HttpOnly; SameSite=Lax; Secure
X-Powered-By=Express
Access-Control-Allow-Origin=*
Etag=W/"53-Ifz8+TaQSJAG6eXTj6PRZlcPYkE"
Via=1.1 vegur
CF-Cache-Status=DYNAMIC
Expect-CT=max-age=604800, report-uri="https://report-uri.cloudflare.com/cdn-cgi/beacon/expect-ct"
Server=cloudflare
CF-RAY=59618788e9bae047-SEA
cf-request-id=02d0d309900000e0478a186200000001

at org.codehaus.groovy.runtime.callsite.ConstructorSite$ConstructorSiteNoUnwrap.callConstructor(ConstructorSite.java:84)
at org.codehaus.groovy.runtime.callsite.CallSiteArray.defaultCallConstructor(CallSiteArray.java:59)
at org.codehaus.groovy.runtime.callsite.AbstractCallSite.callConstructor(AbstractCallSite.java:263)
at org.codehaus.groovy.runtime.callsite.AbstractCallSite.callConstructor(AbstractCallSite.java:277)
at io.restassured.internal.ResponseSpecificationImpl$HamcrestAssertionClosure.validate(ResponseSpecificationImpl.groovy:493)
at io.restassured.internal.ResponseSpecificationImpl$HamcrestAssertionClosure$validate$1.call(Unknown Source)
at io.restassured.internal.ResponseSpecificationImpl.validateResponseIfRequired(ResponseSpecificationImpl.groovy:674)
at org.codehaus.groovy.runtime.callsite.PlainObjectMetaMethodSite.doInvoke(PlainObjectMetaMethodSite.java:43)
at org.codehaus.groovy.runtime.callsite.PogoMetaMethodSite$PogoCachedMethodSiteNoUnwrapNoCoerce.invoke(PogoMetaMethodSite.java:193)
at org.codehaus.groovy.runtime.callsite.PogoMetaMethodSite.callCurrent(PogoMetaMethodSite.java:61)
at org.codehaus.groovy.runtime.callsite.CallSiteArray.defaultCallCurrent(CallSiteArray.java:51)
at org.codehaus.groovy.runtime.callsite.AbstractCallSite.callCurrent(AbstractCallSite.java:171)
at org.codehaus.groovy.runtime.callsite.AbstractCallSite.callCurrent(AbstractCallSite.java:185)
at io.restassured.internal.ResponseSpecificationImpl.header(ResponseSpecificationImpl.groovy:182)
at io.restassured.internal.ValidatableResponseOptionsImpl.header(ValidatableResponseOptionsImpl.java:114)
at io.restassured.internal.ValidatableResponseImpl.super$2$header(ValidatableResponseImpl.groovy)
at groovy.lang.MetaMethod.doMethodInvoke(MetaMethod.java:323)
at groovy.lang.MetaClassImpl.invokeMethod(MetaClassImpl.java:1262)
at org.codehaus.groovy.runtime.ScriptBytecodeAdapter.invokeMethodOnSuperN(ScriptBytecodeAdapter.java:144)
at io.restassured.internal.ValidatableResponseImpl.header(ValidatableResponseImpl.groovy:172)
at io.restassured.internal.ValidatableResponseImpl.header(ValidatableResponseImpl.groovy)
at com.restAssured.tests.PostAPITest.postRequest(PostAPITest.java:28)
at java.base/java.util.ArrayList.forEach(ArrayList.java:1540)
... Removed 42 stack frames]]>
    </failure>
  </testcase> <!-- postRequest -->
  <testcase classname="com.restAssured.tests.PutAPITest" name="putRequest" time="0.569"/>
  <testcase classname="com.restAssured.tests.DeleteAPITest" name="deleteRequest" time="0.587"/>
  <testcase classname="com.restAssured.tests.GetAPITest" name="getRequest" time="0.187"/>
</testsuite> <!-- RestAssuredTest -->
